{
  "RSpec": {
    "coverage": {
      "/Users/conorbarthel/turing/4module/tea_shop/app/models/customer.rb": {
        "lines": [
          1,
          1,
          1,
          null
        ]
      },
      "/Users/conorbarthel/turing/4module/tea_shop/app/models/application_record.rb": {
        "lines": [
          1,
          1,
          null
        ]
      },
      "/Users/conorbarthel/turing/4module/tea_shop/spec/models/customer_subscriptions_spec.rb": {
        "lines": [
          1,
          null,
          1,
          1,
          2,
          2,
          null,
          null
        ]
      },
      "/Users/conorbarthel/turing/4module/tea_shop/app/models/customer_subscription.rb": {
        "lines": [
          1,
          1,
          1,
          null
        ]
      },
      "/Users/conorbarthel/turing/4module/tea_shop/spec/models/subscription_spec.rb": {
        "lines": [
          1,
          null,
          1,
          1,
          2,
          2,
          2,
          null,
          null
        ]
      },
      "/Users/conorbarthel/turing/4module/tea_shop/app/models/subscription.rb": {
        "lines": [
          1,
          1,
          1,
          1,
          1,
          null
        ]
      },
      "/Users/conorbarthel/turing/4module/tea_shop/spec/models/tea_spec.rb": {
        "lines": [
          1,
          null,
          1,
          1,
          2,
          2,
          null,
          null
        ]
      },
      "/Users/conorbarthel/turing/4module/tea_shop/app/models/tea.rb": {
        "lines": [
          1,
          1,
          1,
          null
        ]
      }
    },
    "timestamp": 1654639324
  }
}
